TN:
SF:src\presentation\controllers\signupController.ts
FN:7,handle
FNF:1
FNH:1
FNDA:4,handle
DA:1,1
DA:2,1
DA:3,1
DA:4,1
DA:5,1
DA:6,1
DA:7,1
DA:8,4
DA:9,4
DA:10,4
DA:11,10
DA:12,4
DA:13,4
DA:14,10
DA:15,0
DA:16,1
DA:17,1
DA:18,1
LF:18
LH:17
BRDA:7,0,0,4
BRDA:10,1,0,10
BRDA:11,2,0,4
BRDA:15,3,0,0
BRF:4
BRH:3
end_of_record
TN:
SF:src\presentation\errors\missing-param-error.ts
FN:2,MissinParamError
FNF:1
FNH:1
FNDA:8,MissinParamError
DA:1,1
DA:2,1
DA:3,8
DA:4,8
DA:5,8
DA:6,1
LF:6
LH:6
BRDA:2,0,0,8
BRF:1
BRH:1
end_of_record
TN:
SF:src\presentation\protocols\IController.ts
FN:1,(empty-report)
FNF:1
FNH:0
FNDA:0,(empty-report)
DA:1,0
DA:2,0
DA:3,0
DA:4,0
DA:5,0
LF:5
LH:0
BRDA:1,0,0,0
BRF:1
BRH:0
end_of_record
